<?xml version="1.0" encoding="UTF-8"?>
<testsuite name="testVisitor" tests="6" skipped="0" failures="0" errors="0" timestamp="2024-03-09T16:39:33" hostname="RYAN" time="0.108">
  <properties/>
  <testcase name="testExprAsMinusNeg()" classname="testVisitor" time="0.075"/>
  <testcase name="testExprAsPlusMinus()" classname="testVisitor" time="0.007"/>
  <testcase name="testExprAsPlus()" classname="testVisitor" time="0.004"/>
  <testcase name="testExprAsMinusNegExtream()" classname="testVisitor" time="0.003"/>
  <testcase name="testExprAsMinusPlus()" classname="testVisitor" time="0.007"/>
  <testcase name="testExprAsMinus()" classname="testVisitor" time="0.005"/>
  <system-out><![CDATA[Expr_func: 2
Expr_pw: 2
Expr_md: 2
Expr_func: -4
Expr_pw: -4
Expr_md: -4
isNumber: true true
function: DEFAULT DEFAULT
number: 2.0 2.0

isNumber: true true
function: DEFAULT DEFAULT
number: 4.0 4.0

isNumber: false false
function: NEG NEG
number: 0.0 0.0

isNumber: false false
function: MINUS MINUS
number: 0.0 0.0

Expr_func: 2
Expr_pw: 2
Expr_md: 2
Expr_func: 3
Expr_pw: 3
Expr_md: 3
Expr_func: 4
Expr_pw: 4
Expr_md: 4
isNumber: true true
function: DEFAULT DEFAULT
number: 2.0 2.0

isNumber: true true
function: DEFAULT DEFAULT
number: 3.0 3.0

isNumber: false false
function: PLUS PLUS
number: 0.0 0.0

isNumber: true true
function: DEFAULT DEFAULT
number: 4.0 4.0

isNumber: false false
function: MINUS MINUS
number: 0.0 0.0

Expr_func: 2
Expr_pw: 2
Expr_md: 2
Expr_func: 3
Expr_pw: 3
Expr_md: 3
isNumber: true true
function: DEFAULT DEFAULT
number: 2.0 2.0

isNumber: true true
function: DEFAULT DEFAULT
number: 3.0 3.0

isNumber: false false
function: PLUS PLUS
number: 0.0 0.0

Expr_func: 2
Expr_pw: 2
Expr_md: 2
Expr_func: -40000000000001
Expr_pw: -40000000000001
Expr_md: -40000000000001
isNumber: true true
function: DEFAULT DEFAULT
number: 2.0 2.0

isNumber: true true
function: DEFAULT DEFAULT
number: 4.0000000000001E13 4.0000000000001E13

isNumber: false false
function: NEG NEG
number: 0.0 0.0

isNumber: false false
function: MINUS MINUS
number: 0.0 0.0

Expr_func: 2
Expr_pw: 2
Expr_md: 2
Expr_func: 3
Expr_pw: 3
Expr_md: 3
Expr_func: 4
Expr_pw: 4
Expr_md: 4
isNumber: true true
function: DEFAULT DEFAULT
number: 2.0 2.0

isNumber: true true
function: DEFAULT DEFAULT
number: 3.0 3.0

isNumber: false false
function: MINUS MINUS
number: 0.0 0.0

isNumber: true true
function: DEFAULT DEFAULT
number: 4.0 4.0

isNumber: false false
function: PLUS PLUS
number: 0.0 0.0

Expr_func: 2
Expr_pw: 2
Expr_md: 2
Expr_func: 3
Expr_pw: 3
Expr_md: 3
isNumber: true true
function: DEFAULT DEFAULT
number: 2.0 2.0

isNumber: true true
function: DEFAULT DEFAULT
number: 3.0 3.0

isNumber: false false
function: MINUS MINUS
number: 0.0 0.0

]]></system-out>
  <system-err><![CDATA[]]></system-err>
</testsuite>
