<?xml version="1.0" encoding="UTF-8"?>
<testsuite name="testVisitorMD" tests="6" skipped="0" failures="0" errors="0" timestamp="2024-03-10T05:47:06" hostname="RYAN" time="0.008">
  <properties/>
  <testcase name="testExprAsDivideMultiply()" classname="testVisitorMD" time="0.001"/>
  <testcase name="testExprAsDevide()" classname="testVisitorMD" time="0.0"/>
  <testcase name="testExprAsMultiplyDivide()" classname="testVisitorMD" time="0.001"/>
  <testcase name="testExprAsMultiplyNegExtream()" classname="testVisitorMD" time="0.001"/>
  <testcase name="testExprAsPlus()" classname="testVisitorMD" time="0.001"/>
  <testcase name="testExprAsMultiplyNeg()" classname="testVisitorMD" time="0.001"/>
  <system-out><![CDATA[2/3*4
2/3
2*3/4
2*-40000000000001
2*3
2*-4
]]></system-out>
  <system-err><![CDATA[]]></system-err>
</testsuite>
