<?xml version="1.0" encoding="UTF-8"?>
<testsuite name="testVisitorCOMB" tests="5" skipped="0" failures="0" errors="0" timestamp="2024-03-10T05:47:06" hostname="RYAN" time="0.022">
  <properties/>
  <testcase name="testExprComb1()" classname="testVisitorCOMB" time="0.004"/>
  <testcase name="testExprComb2()" classname="testVisitorCOMB" time="0.003"/>
  <testcase name="testExprComb3()" classname="testVisitorCOMB" time="0.004"/>
  <testcase name="testExprComb4()" classname="testVisitorCOMB" time="0.004"/>
  <testcase name="testExprComb5()" classname="testVisitorCOMB" time="0.005"/>
  <system-out><![CDATA[2+(3*4)/5
isNumber: true true
function: DEFAULT DEFAULT
number: 2.0 2.0

isNumber: true true
function: DEFAULT DEFAULT
number: 3.0 3.0

isNumber: true true
function: DEFAULT DEFAULT
number: 4.0 4.0

isNumber: false false
function: MULTIPLY MULTIPLY
number: 0.0 0.0

isNumber: true true
function: DEFAULT DEFAULT
number: 5.0 5.0

isNumber: false false
function: DIVIDE DIVIDE
number: 0.0 0.0

isNumber: false false
function: PLUS PLUS
number: 0.0 0.0

2+(3*4)/5**6
isNumber: true true
function: DEFAULT DEFAULT
number: 2.0 2.0

isNumber: true true
function: DEFAULT DEFAULT
number: 3.0 3.0

isNumber: true true
function: DEFAULT DEFAULT
number: 4.0 4.0

isNumber: false false
function: MULTIPLY MULTIPLY
number: 0.0 0.0

isNumber: true true
function: DEFAULT DEFAULT
number: 5.0 5.0

isNumber: true true
function: DEFAULT DEFAULT
number: 6.0 6.0

isNumber: false false
function: POWER POWER
number: 0.0 0.0

isNumber: false false
function: DIVIDE DIVIDE
number: 0.0 0.0

isNumber: false false
function: PLUS PLUS
number: 0.0 0.0

2+(3*4)/5**6+7-8*9
isNumber: true true
function: DEFAULT DEFAULT
number: 2.0 2.0

isNumber: true true
function: DEFAULT DEFAULT
number: 3.0 3.0

isNumber: true true
function: DEFAULT DEFAULT
number: 4.0 4.0

isNumber: false false
function: MULTIPLY MULTIPLY
number: 0.0 0.0

isNumber: true true
function: DEFAULT DEFAULT
number: 5.0 5.0

isNumber: true true
function: DEFAULT DEFAULT
number: 6.0 6.0

isNumber: false false
function: POWER POWER
number: 0.0 0.0

isNumber: false false
function: DIVIDE DIVIDE
number: 0.0 0.0

isNumber: false false
function: PLUS PLUS
number: 0.0 0.0

isNumber: true true
function: DEFAULT DEFAULT
number: 7.0 7.0

isNumber: false false
function: PLUS PLUS
number: 0.0 0.0

isNumber: true true
function: DEFAULT DEFAULT
number: 8.0 8.0

isNumber: true true
function: DEFAULT DEFAULT
number: 9.0 9.0

isNumber: false false
function: MULTIPLY MULTIPLY
number: 0.0 0.0

isNumber: false false
function: MINUS MINUS
number: 0.0 0.0

2+(3*4)/5**6+7-8*9+sin(4)
isNumber: true true
function: DEFAULT DEFAULT
number: 2.0 2.0

isNumber: true true
function: DEFAULT DEFAULT
number: 3.0 3.0

isNumber: true true
function: DEFAULT DEFAULT
number: 4.0 4.0

isNumber: false false
function: MULTIPLY MULTIPLY
number: 0.0 0.0

isNumber: true true
function: DEFAULT DEFAULT
number: 5.0 5.0

isNumber: true true
function: DEFAULT DEFAULT
number: 6.0 6.0

isNumber: false false
function: POWER POWER
number: 0.0 0.0

isNumber: false false
function: DIVIDE DIVIDE
number: 0.0 0.0

isNumber: false false
function: PLUS PLUS
number: 0.0 0.0

isNumber: true true
function: DEFAULT DEFAULT
number: 7.0 7.0

isNumber: false false
function: PLUS PLUS
number: 0.0 0.0

isNumber: true true
function: DEFAULT DEFAULT
number: 8.0 8.0

isNumber: true true
function: DEFAULT DEFAULT
number: 9.0 9.0

isNumber: false false
function: MULTIPLY MULTIPLY
number: 0.0 0.0

isNumber: false false
function: MINUS MINUS
number: 0.0 0.0

isNumber: true true
function: DEFAULT DEFAULT
number: 4.0 4.0

isNumber: false false
function: SIN SIN
number: 0.0 0.0

isNumber: false false
function: PLUS PLUS
number: 0.0 0.0

2+(3*4)/5**6+7-8*9+sin(4)!*cos(4)!
isNumber: true true
function: DEFAULT DEFAULT
number: 2.0 2.0

isNumber: true true
function: DEFAULT DEFAULT
number: 3.0 3.0

isNumber: true true
function: DEFAULT DEFAULT
number: 4.0 4.0

isNumber: false false
function: MULTIPLY MULTIPLY
number: 0.0 0.0

isNumber: true true
function: DEFAULT DEFAULT
number: 5.0 5.0

isNumber: true true
function: DEFAULT DEFAULT
number: 6.0 6.0

isNumber: false false
function: POWER POWER
number: 0.0 0.0

isNumber: false false
function: DIVIDE DIVIDE
number: 0.0 0.0

isNumber: false false
function: PLUS PLUS
number: 0.0 0.0

isNumber: true true
function: DEFAULT DEFAULT
number: 7.0 7.0

isNumber: false false
function: PLUS PLUS
number: 0.0 0.0

isNumber: true true
function: DEFAULT DEFAULT
number: 8.0 8.0

isNumber: true true
function: DEFAULT DEFAULT
number: 9.0 9.0

isNumber: false false
function: MULTIPLY MULTIPLY
number: 0.0 0.0

isNumber: false false
function: MINUS MINUS
number: 0.0 0.0

isNumber: true true
function: DEFAULT DEFAULT
number: 4.0 4.0

isNumber: false false
function: SIN SIN
number: 0.0 0.0

isNumber: false false
function: FACTORIAL FACTORIAL
number: 0.0 0.0

isNumber: true true
function: DEFAULT DEFAULT
number: 4.0 4.0

isNumber: false false
function: COS COS
number: 0.0 0.0

isNumber: false false
function: FACTORIAL FACTORIAL
number: 0.0 0.0

isNumber: false false
function: MULTIPLY MULTIPLY
number: 0.0 0.0

isNumber: false false
function: PLUS PLUS
number: 0.0 0.0

]]></system-out>
  <system-err><![CDATA[]]></system-err>
</testsuite>
