<?xml version="1.0" encoding="UTF-8"?>
<testsuite name="testVisitorPW" tests="3" skipped="0" failures="0" errors="0" timestamp="2024-03-10T03:20:56" hostname="RYAN" time="0.002">
  <properties/>
  <testcase name="testExprAsPower2()" classname="testVisitorPW" time="0.001"/>
  <testcase name="testExprAsPower3()" classname="testVisitorPW" time="0.0"/>
  <testcase name="testExprAsPower()" classname="testVisitorPW" time="0.0"/>
  <system-out><![CDATA[2**3**4
2**3**4**5
2**3
]]></system-out>
  <system-err><![CDATA[]]></system-err>
</testsuite>
