<?xml version="1.0" encoding="UTF-8"?>
<testsuite name="testVisitorFUNC" tests="16" skipped="0" failures="0" errors="0" timestamp="2024-03-10T05:47:06" hostname="RYAN" time="0.035">
  <properties/>
  <testcase name="testExprSinFactorial()" classname="testVisitorFUNC" time="0.002"/>
  <testcase name="testExprCos()" classname="testVisitorFUNC" time="0.002"/>
  <testcase name="testExprLog()" classname="testVisitorFUNC" time="0.001"/>
  <testcase name="testExprSin()" classname="testVisitorFUNC" time="0.001"/>
  <testcase name="testExprTan()" classname="testVisitorFUNC" time="0.002"/>
  <testcase name="testExprSinCosTanLog()" classname="testVisitorFUNC" time="0.003"/>
  <testcase name="testExprCosh()" classname="testVisitorFUNC" time="0.001"/>
  <testcase name="testExprSinh()" classname="testVisitorFUNC" time="0.001"/>
  <testcase name="testExprTanh()" classname="testVisitorFUNC" time="0.001"/>
  <testcase name="testExprSinCosTan()" classname="testVisitorFUNC" time="0.002"/>
  <testcase name="testExprSinFactorialCosFactorial()" classname="testVisitorFUNC" time="0.002"/>
  <testcase name="testExprFactorial()" classname="testVisitorFUNC" time="0.0"/>
  <testcase name="testExprSinCos()" classname="testVisitorFUNC" time="0.001"/>
  <testcase name="testExprLn()" classname="testVisitorFUNC" time="0.002"/>
  <testcase name="testExprSinFactorialCos()" classname="testVisitorFUNC" time="0.002"/>
  <testcase name="testExprSinCosTanLogLn()" classname="testVisitorFUNC" time="0.003"/>
  <system-out><![CDATA[sin(4)!
isNumber: true true
function: DEFAULT DEFAULT
number: 4.0 4.0

isNumber: false false
function: SIN SIN
number: 0.0 0.0

isNumber: false false
function: FACTORIAL FACTORIAL
number: 0.0 0.0

cos(4)
isNumber: true true
function: DEFAULT DEFAULT
number: 4.0 4.0

isNumber: false false
function: COS COS
number: 0.0 0.0

log(4)
isNumber: true true
function: DEFAULT DEFAULT
number: 4.0 4.0

isNumber: false false
function: LOG LOG
number: 0.0 0.0

sin(4)
isNumber: true true
function: DEFAULT DEFAULT
number: 4.0 4.0

isNumber: false false
function: SIN SIN
number: 0.0 0.0

tan(4)
isNumber: true true
function: DEFAULT DEFAULT
number: 4.0 4.0

isNumber: false false
function: TAN TAN
number: 0.0 0.0

sin(cos(tan(log(4))))
isNumber: true true
function: DEFAULT DEFAULT
number: 4.0 4.0

isNumber: false false
function: LOG LOG
number: 0.0 0.0

isNumber: false false
function: TAN TAN
number: 0.0 0.0

isNumber: false false
function: COS COS
number: 0.0 0.0

isNumber: false false
function: SIN SIN
number: 0.0 0.0

cosh(4)
isNumber: true true
function: DEFAULT DEFAULT
number: 4.0 4.0

isNumber: false false
function: COSH COSH
number: 0.0 0.0

sinh(4)
isNumber: true true
function: DEFAULT DEFAULT
number: 4.0 4.0

isNumber: false false
function: SINH SINH
number: 0.0 0.0

tanh(4)
isNumber: true true
function: DEFAULT DEFAULT
number: 4.0 4.0

isNumber: false false
function: TANH TANH
number: 0.0 0.0

sin(cos(tan(4)))
isNumber: true true
function: DEFAULT DEFAULT
number: 4.0 4.0

isNumber: false false
function: TAN TAN
number: 0.0 0.0

isNumber: false false
function: COS COS
number: 0.0 0.0

isNumber: false false
function: SIN SIN
number: 0.0 0.0

sin(4)!*cos(4)!
isNumber: true true
function: DEFAULT DEFAULT
number: 4.0 4.0

isNumber: false false
function: SIN SIN
number: 0.0 0.0

isNumber: false false
function: FACTORIAL FACTORIAL
number: 0.0 0.0

isNumber: true true
function: DEFAULT DEFAULT
number: 4.0 4.0

isNumber: false false
function: COS COS
number: 0.0 0.0

isNumber: false false
function: FACTORIAL FACTORIAL
number: 0.0 0.0

isNumber: false false
function: MULTIPLY MULTIPLY
number: 0.0 0.0

4!
isNumber: true true
function: DEFAULT DEFAULT
number: 4.0 4.0

isNumber: false false
function: FACTORIAL FACTORIAL
number: 0.0 0.0

sin(cos(4))
isNumber: true true
function: DEFAULT DEFAULT
number: 4.0 4.0

isNumber: false false
function: COS COS
number: 0.0 0.0

isNumber: false false
function: SIN SIN
number: 0.0 0.0

ln(4)
isNumber: true true
function: DEFAULT DEFAULT
number: 4.0 4.0

isNumber: false false
function: LN LN
number: 0.0 0.0

sin(4)!*cos(4)
isNumber: true true
function: DEFAULT DEFAULT
number: 4.0 4.0

isNumber: false false
function: SIN SIN
number: 0.0 0.0

isNumber: false false
function: FACTORIAL FACTORIAL
number: 0.0 0.0

isNumber: true true
function: DEFAULT DEFAULT
number: 4.0 4.0

isNumber: false false
function: COS COS
number: 0.0 0.0

isNumber: false false
function: MULTIPLY MULTIPLY
number: 0.0 0.0

sin(cos(tan(log(ln(4)))))
isNumber: true true
function: DEFAULT DEFAULT
number: 4.0 4.0

isNumber: false false
function: LN LN
number: 0.0 0.0

isNumber: false false
function: LOG LOG
number: 0.0 0.0

isNumber: false false
function: TAN TAN
number: 0.0 0.0

isNumber: false false
function: COS COS
number: 0.0 0.0

isNumber: false false
function: SIN SIN
number: 0.0 0.0

]]></system-out>
  <system-err><![CDATA[]]></system-err>
</testsuite>
