<?xml version="1.0" encoding="UTF-8"?>
<testsuite name="testVisitorAS" tests="6" skipped="0" failures="0" errors="0" timestamp="2024-03-10T03:20:56" hostname="RYAN" time="0.078">
  <properties/>
  <testcase name="testExprAsMinusNeg()" classname="testVisitorAS" time="0.062"/>
  <testcase name="testExprAsPlusMinus()" classname="testVisitorAS" time="0.005"/>
  <testcase name="testExprAsPlus()" classname="testVisitorAS" time="0.001"/>
  <testcase name="testExprAsMinusNegExtream()" classname="testVisitorAS" time="0.001"/>
  <testcase name="testExprAsMinusPlus()" classname="testVisitorAS" time="0.002"/>
  <testcase name="testExprAsMinus()" classname="testVisitorAS" time="0.002"/>
  <system-out><![CDATA[2--4
isNumber: true true
function: DEFAULT DEFAULT
number: 2.0 2.0

isNumber: true true
function: DEFAULT DEFAULT
number: 4.0 4.0

isNumber: false false
function: NEG NEG
number: 0.0 0.0

isNumber: false false
function: MINUS MINUS
number: 0.0 0.0

2+3-4
isNumber: true true
function: DEFAULT DEFAULT
number: 2.0 2.0

isNumber: true true
function: DEFAULT DEFAULT
number: 3.0 3.0

isNumber: false false
function: PLUS PLUS
number: 0.0 0.0

isNumber: true true
function: DEFAULT DEFAULT
number: 4.0 4.0

isNumber: false false
function: MINUS MINUS
number: 0.0 0.0

2+3
isNumber: true true
function: DEFAULT DEFAULT
number: 2.0 2.0

isNumber: true true
function: DEFAULT DEFAULT
number: 3.0 3.0

isNumber: false false
function: PLUS PLUS
number: 0.0 0.0

2--40000000000001
isNumber: true true
function: DEFAULT DEFAULT
number: 2.0 2.0

isNumber: true true
function: DEFAULT DEFAULT
number: 4.0000000000001E13 4.0000000000001E13

isNumber: false false
function: NEG NEG
number: 0.0 0.0

isNumber: false false
function: MINUS MINUS
number: 0.0 0.0

2-3+4
isNumber: true true
function: DEFAULT DEFAULT
number: 2.0 2.0

isNumber: true true
function: DEFAULT DEFAULT
number: 3.0 3.0

isNumber: false false
function: MINUS MINUS
number: 0.0 0.0

isNumber: true true
function: DEFAULT DEFAULT
number: 4.0 4.0

isNumber: false false
function: PLUS PLUS
number: 0.0 0.0

2-3
isNumber: true true
function: DEFAULT DEFAULT
number: 2.0 2.0

isNumber: true true
function: DEFAULT DEFAULT
number: 3.0 3.0

isNumber: false false
function: MINUS MINUS
number: 0.0 0.0

]]></system-out>
  <system-err><![CDATA[]]></system-err>
</testsuite>
